# JRE version: OpenJDK Runtime Environment (15.0.2+7) (build 15.0.2+7-27)
# Java VM: OpenJDK 64-Bit Server VM (15.0.2+7-27, mixed mode, tiered, compressed oops, g1 gc, linux-amd64)
GC Precious Log:
 CPUs: 4 total, 4 available
 Memory: 7935M
 Large Page Support: Disabled
 NUMA Support: Disabled
 Compressed Oops: Enabled (32-bit)
 Heap Region Size: 1M
 Heap Min Capacity: 8M
 Heap Initial Capacity: 124M
 Heap Max Capacity: 1984M
 Pre-touch: Disabled
 Parallel Workers: 4
 Concurrent Workers: 1
 Concurrent Refinement Workers: 4
 Periodic GC: Disabled
Heap:
 garbage-first heap   total 126976K, used 13756K [0x0000000084000000, 0x0000000100000000)
  region size 1024K, 8 young (8192K), 3 survivors (3072K)
 Metaspace       used 20734K, capacity 20904K, committed 21248K, reserved 1069056K
  class space    used 2140K, capacity 2185K, committed 2304K, reserved 1048576K
GC Heap History (6 events):
Event: 0,672 GC heap before
{Heap before GC invocations=0 (full 0):
 garbage-first heap   total 126976K, used 13312K [0x0000000084000000, 0x0000000100000000)
  region size 1024K, 13 young (13312K), 0 survivors (0K)
 Metaspace       used 10244K, capacity 10329K, committed 10496K, reserved 1058816K
  class space    used 914K, capacity 950K, committed 1024K, reserved 1048576K
}
Event: 0,677 GC heap after
{Heap after GC invocations=1 (full 0):
 garbage-first heap   total 126976K, used 6529K [0x0000000084000000, 0x0000000100000000)
  region size 1024K, 2 young (2048K), 2 survivors (2048K)
 Metaspace       used 10244K, capacity 10329K, committed 10496K, reserved 1058816K
  class space    used 914K, capacity 950K, committed 1024K, reserved 1048576K
}
Event: 1,164 GC heap before
{Heap before GC invocations=1 (full 0):
 garbage-first heap   total 126976K, used 16769K [0x0000000084000000, 0x0000000100000000)
  region size 1024K, 12 young (12288K), 2 survivors (2048K)
 Metaspace       used 14542K, capacity 14663K, committed 15104K, reserved 1062912K
  class space    used 1383K, capacity 1452K, committed 1536K, reserved 1048576K
}
Event: 1,172 GC heap after
{Heap after GC invocations=2 (full 0):
 garbage-first heap   total 126976K, used 8114K [0x0000000084000000, 0x0000000100000000)
  region size 1024K, 2 young (2048K), 2 survivors (2048K)
 Metaspace       used 14542K, capacity 14663K, committed 15104K, reserved 1062912K
  class space    used 1383K, capacity 1452K, committed 1536K, reserved 1048576K
}
Event: 1,865 GC heap before
{Heap before GC invocations=2 (full 0):
 garbage-first heap   total 126976K, used 27570K [0x0000000084000000, 0x0000000100000000)
  region size 1024K, 21 young (21504K), 2 survivors (2048K)
 Metaspace       used 19870K, capacity 20001K, committed 20352K, reserved 1067008K
  class space    used 2020K, capacity 2076K, committed 2176K, reserved 1048576K
}
Event: 1,871 GC heap after
{Heap after GC invocations=3 (full 0):
 garbage-first heap   total 126976K, used 9660K [0x0000000084000000, 0x0000000100000000)
  region size 1024K, 3 young (3072K), 3 survivors (3072K)
 Metaspace       used 19870K, capacity 20001K, committed 20352K, reserved 1067008K
  class space    used 2020K, capacity 2076K, committed 2176K, reserved 1048576K
}

